# JRE version: OpenJDK Runtime Environment (8.0_202-b03) (build 1.8.0_202-release-1483-b03)
# Java VM: OpenJDK 64-Bit Server VM (25.202-b03 mixed mode windows-amd64 compressed oops)
Heap:
 PSYoungGen      total 172544K, used 140168K [0x00000000e0000000, 0x00000000ebe80000, 0x0000000100000000)
  eden space 154112K, 80% used [0x00000000e0000000,0x00000000e7870580,0x00000000e9680000)
  from space 18432K, 91% used [0x00000000eac80000,0x00000000ebcf1dd8,0x00000000ebe80000)
  to   space 20480K, 0% used [0x00000000e9680000,0x00000000e9680000,0x00000000eaa80000)
 ParOldGen       total 155136K, used 34387K [0x00000000a0000000, 0x00000000a9780000, 0x00000000e0000000)
  object space 155136K, 22% used [0x00000000a0000000,0x00000000a2194c88,0x00000000a9780000)
 Metaspace       used 69141K, capacity 72172K, committed 72408K, reserved 1112064K
  class space    used 9253K, capacity 9889K, committed 9944K, reserved 1048576K
GC Heap History (10 events):
Event: 17.864 GC heap before
{Heap before GC invocations=13 (full 2):
 PSYoungGen      total 125952K, used 125783K [0x00000000e0000000, 0x00000000e9100000, 0x0000000100000000)
  eden space 116224K, 100% used [0x00000000e0000000,0x00000000e7180000,0x00000000e7180000)
  from space 9728K, 98% used [0x00000000e8780000,0x00000000e90d5d50,0x00000000e9100000)
  to   space 12288K, 0% used [0x00000000e7900000,0x00000000e7900000,0x00000000e8500000)
 ParOldGen       total 101376K, used 15810K [0x00000000a0000000, 0x00000000a6300000, 0x00000000e0000000)
  object space 101376K, 15% used [0x00000000a0000000,0x00000000a0f709a8,0x00000000a6300000)
 Metaspace       used 51706K, capacity 53602K, committed 53760K, reserved 1095680K
  class space    used 6874K, capacity 7298K, committed 7424K, reserved 1048576K
Event: 17.884 GC heap after
Heap after GC invocations=13 (full 2):
 PSYoungGen      total 136192K, used 12268K [0x00000000e0000000, 0x00000000ea680000, 0x0000000100000000)
  eden space 123904K, 0% used [0x00000000e0000000,0x00000000e0000000,0x00000000e7900000)
  from space 12288K, 99% used [0x00000000e7900000,0x00000000e84fb310,0x00000000e8500000)
  to   space 16384K, 0% used [0x00000000e9680000,0x00000000e9680000,0x00000000ea680000)
 ParOldGen       total 101376K, used 23423K [0x00000000a0000000, 0x00000000a6300000, 0x00000000e0000000)
  object space 101376K, 23% used [0x00000000a0000000,0x00000000a16dfea8,0x00000000a6300000)
 Metaspace       used 51706K, capacity 53602K, committed 53760K, reserved 1095680K
  class space    used 6874K, capacity 7298K, committed 7424K, reserved 1048576K
}
Event: 19.094 GC heap before
{Heap before GC invocations=14 (full 2):
 PSYoungGen      total 136192K, used 87381K [0x00000000e0000000, 0x00000000ea680000, 0x0000000100000000)
  eden space 123904K, 60% used [0x00000000e0000000,0x00000000e495a0f8,0x00000000e7900000)
  from space 12288K, 99% used [0x00000000e7900000,0x00000000e84fb310,0x00000000e8500000)
  to   space 16384K, 0% used [0x00000000e9680000,0x00000000e9680000,0x00000000ea680000)
 ParOldGen       total 101376K, used 23423K [0x00000000a0000000, 0x00000000a6300000, 0x00000000e0000000)
  object space 101376K, 23% used [0x00000000a0000000,0x00000000a16dfea8,0x00000000a6300000)
 Metaspace       used 56943K, capacity 58984K, committed 59096K, reserved 1099776K
  class space    used 7632K, capacity 8076K, committed 8152K, reserved 1048576K
Event: 19.115 GC heap after
Heap after GC invocations=14 (full 2):
 PSYoungGen      total 151040K, used 16361K [0x00000000e0000000, 0x00000000eb900000, 0x0000000100000000)
  eden space 134656K, 0% used [0x00000000e0000000,0x00000000e0000000,0x00000000e8380000)
  from space 16384K, 99% used [0x00000000e9680000,0x00000000ea67a4a8,0x00000000ea680000)
  to   space 19456K, 0% used [0x00000000e8380000,0x00000000e8380000,0x00000000e9680000)
 ParOldGen       total 101376K, used 26841K [0x00000000a0000000, 0x00000000a6300000, 0x00000000e0000000)
  object space 101376K, 26% used [0x00000000a0000000,0x00000000a1a36648,0x00000000a6300000)
 Metaspace       used 56943K, capacity 58984K, committed 59096K, reserved 1099776K
  class space    used 7632K, capacity 8076K, committed 8152K, reserved 1048576K
}
Event: 19.115 GC heap before
{Heap before GC invocations=15 (full 3):
 PSYoungGen      total 151040K, used 16361K [0x00000000e0000000, 0x00000000eb900000, 0x0000000100000000)
  eden space 134656K, 0% used [0x00000000e0000000,0x00000000e0000000,0x00000000e8380000)
  from space 16384K, 99% used [0x00000000e9680000,0x00000000ea67a4a8,0x00000000ea680000)
  to   space 19456K, 0% used [0x00000000e8380000,0x00000000e8380000,0x00000000e9680000)
 ParOldGen       total 101376K, used 26841K [0x00000000a0000000, 0x00000000a6300000, 0x00000000e0000000)
  object space 101376K, 26% used [0x00000000a0000000,0x00000000a1a36648,0x00000000a6300000)
 Metaspace       used 56943K, capacity 58984K, committed 59096K, reserved 1099776K
  class space    used 7632K, capacity 8076K, committed 8152K, reserved 1048576K
Event: 19.475 GC heap after
Heap after GC invocations=15 (full 3):
 PSYoungGen      total 151040K, used 0K [0x00000000e0000000, 0x00000000eb900000, 0x0000000100000000)
  eden space 134656K, 0% used [0x00000000e0000000,0x00000000e0000000,0x00000000e8380000)
  from space 16384K, 0% used [0x00000000e9680000,0x00000000e9680000,0x00000000ea680000)
  to   space 19456K, 0% used [0x00000000e8380000,0x00000000e8380000,0x00000000e9680000)
 ParOldGen       total 155136K, used 34307K [0x00000000a0000000, 0x00000000a9780000, 0x00000000e0000000)
  object space 155136K, 22% used [0x00000000a0000000,0x00000000a2180c78,0x00000000a9780000)
 Metaspace       used 56846K, capacity 58682K, committed 59096K, reserved 1099776K
  class space    used 7604K, capacity 8036K, committed 8152K, reserved 1048576K
}
Event: 25.158 GC heap before
{Heap before GC invocations=16 (full 3):
 PSYoungGen      total 151040K, used 134656K [0x00000000e0000000, 0x00000000eb900000, 0x0000000100000000)
  eden space 134656K, 100% used [0x00000000e0000000,0x00000000e8380000,0x00000000e8380000)
  from space 16384K, 0% used [0x00000000e9680000,0x00000000e9680000,0x00000000ea680000)
  to   space 19456K, 0% used [0x00000000e8380000,0x00000000e8380000,0x00000000e9680000)
 ParOldGen       total 155136K, used 34307K [0x00000000a0000000, 0x00000000a9780000, 0x00000000e0000000)
  object space 155136K, 22% used [0x00000000a0000000,0x00000000a2180c78,0x00000000a9780000)
 Metaspace       used 64494K, capacity 66804K, committed 66904K, reserved 1107968K
  class space    used 8760K, capacity 9267K, committed 9304K, reserved 1048576K
Event: 25.181 GC heap after
Heap after GC invocations=16 (full 3):
 PSYoungGen      total 154112K, used 11130K [0x00000000e0000000, 0x00000000ebf00000, 0x0000000100000000)
  eden space 134656K, 0% used [0x00000000e0000000,0x00000000e0000000,0x00000000e8380000)
  from space 19456K, 57% used [0x00000000e8380000,0x00000000e8e5eab8,0x00000000e9680000)
  to   space 18944K, 0% used [0x00000000eac80000,0x00000000eac80000,0x00000000ebf00000)
 ParOldGen       total 155136K, used 34379K [0x00000000a0000000, 0x00000000a9780000, 0x00000000e0000000)
  object space 155136K, 22% used [0x00000000a0000000,0x00000000a2192c88,0x00000000a9780000)
 Metaspace       used 64494K, capacity 66804K, committed 66904K, reserved 1107968K
  class space    used 8760K, capacity 9267K, committed 9304K, reserved 1048576K
}
Event: 39.297 GC heap before
{Heap before GC invocations=17 (full 3):
 PSYoungGen      total 154112K, used 145786K [0x00000000e0000000, 0x00000000ebf00000, 0x0000000100000000)
  eden space 134656K, 100% used [0x00000000e0000000,0x00000000e8380000,0x00000000e8380000)
  from space 19456K, 57% used [0x00000000e8380000,0x00000000e8e5eab8,0x00000000e9680000)
  to   space 18944K, 0% used [0x00000000eac80000,0x00000000eac80000,0x00000000ebf00000)
 ParOldGen       total 155136K, used 34379K [0x00000000a0000000, 0x00000000a9780000, 0x00000000e0000000)
  object space 155136K, 22% used [0x00000000a0000000,0x00000000a2192c88,0x00000000a9780000)
 Metaspace       used 67622K, capacity 70528K, committed 70744K, reserved 1110016K
  class space    used 9124K, capacity 9741K, committed 9816K, reserved 1048576K
Event: 39.320 GC heap after
Heap after GC invocations=17 (full 3):
 PSYoungGen      total 172544K, used 16839K [0x00000000e0000000, 0x00000000ebe80000, 0x0000000100000000)
  eden space 154112K, 0% used [0x00000000e0000000,0x00000000e0000000,0x00000000e9680000)
  from space 18432K, 91% used [0x00000000eac80000,0x00000000ebcf1dd8,0x00000000ebe80000)
  to   space 20480K, 0% used [0x00000000e9680000,0x00000000e9680000,0x00000000eaa80000)
 ParOldGen       total 155136K, used 34387K [0x00000000a0000000, 0x00000000a9780000, 0x00000000e0000000)
  object space 155136K, 22% used [0x00000000a0000000,0x00000000a2194c88,0x00000000a9780000)
 Metaspace       used 67622K, capacity 70528K, committed 70744K, reserved 1110016K
  class space    used 9124K, capacity 9741K, committed 9816K, reserved 1048576K
}

